<?xml version="1.0" encoding="UTF-8"?>
<!-- Generated by org.testng.reporters.JUnitXMLReporter -->
<testsuite hostname="Admin-PC" ignored="2" name="Default test(failed)" tests="1" failures="0" timestamp="24 Oct 2018 03:42:42 GMT" time="14.561" errors="0">
  <testcase name="Test1" time="0.034" classname="Ng.NewTest"/>
  <testcase name="Tests" time="0.0" classname="Ng.NewTest">
    <ignored/>
  </testcase> <!-- Tests -->
  <testcase name="test" time="0.0" classname="Ng.NewTest">
    <ignored/>
  </testcase> <!-- test -->
</testsuite> <!-- Default test(failed) -->
