<?xml version="1.0" encoding="UTF-8"?>
<!-- Generated by org.testng.reporters.JUnitXMLReporter -->
<testsuite hostname="Admin-PC" ignored="1" name="Default test" tests="2" failures="0" timestamp="24 Oct 2018 02:40:55 GMT" time="21.131" errors="0">
  <testcase name="Tests" time="4.531" classname="Ng.NewTest"/>
  <testcase name="Test1" time="0.018" classname="Ng.NewTest"/>
  <testcase name="test" time="0.0" classname="Ng.NewTest">
    <ignored/>
  </testcase> <!-- test -->
</testsuite> <!-- Default test -->
